Arguments: 
  D:\nodejs\node.exe D:\nodejs\node_global\node_modules\yarn\bin\yarn.js add _taro-ui@2.1.0@taro-ui/dist/weapp/index.css --silent --no-progress

PATH: 
  D:\nodejs\node_modules\npm\node_modules\npm-lifecycle\node-gyp-bin;F:\hyworkspace\taro_work\taro2\node_modules\.bin;D:\nodejs\node_global\node_modules\cnpm\node_modules\npm\node_modules\npm-lifecycle\node-gyp-bin;F:\hyworkspace\taro_work\taro2\node_modules\.bin;C:\Cadence\SPB_Data\bin;D:\Git\mingw64\bin;D:\Git\usr\local\bin;D:\Git\usr\bin;D:\Git\usr\bin;D:\Git\mingw64\bin;D:\Git\usr\bin;C:\Cadence\SPB_Data\bin;C:\adb\platform-tools_r22-windows\platform-tools;D:\nodejs;D:\Git\cmd;C:\Cadence\Cadence_SPB_16.6-2015\openaccess\bin\win32\opt;C:\Cadence\Cadence_SPB_16.6-2015\tools\capture;C:\Cadence\Cadence_SPB_16.6-2015\tools\pspice;C:\Cadence\Cadence_SPB_16.6-2015\tools\specctra\bin;C:\Cadence\Cadence_SPB_16.6-2015\tools\fet\bin;C:\Cadence\Cadence_SPB_16.6-2015\tools\libutil\bin;C:\Cadence\Cadence_SPB_16.6-2015\tools\bin;C:\Cadence\Cadence_SPB_16.6-2015\tools\pcb\bin;C:\Cadence\Cadence_SPB_16.6-2015\tools\pspice\library;C:\MentorGraphics\9.5PADS\SDD_HOME\common\win32\lib;D:\MentorGraphics\9.5PADS\SDD_HOME\common\win32\lib;D:\Microsoft VS Code\bin;D:\nodejs\node_global;C:\Users\Administrator\AppData\Roaming\npm;C:\Windows\System32;D:\Git\usr\bin\vendor_perl;D:\Git\usr\bin\core_perl

Yarn version: 
  1.15.2

Node version: 
  10.15.3

Platform: 
  win32 x64

Trace: 
  Error: https://registry.npm.taobao.org/_taro-ui: Not found
      at Request.params.callback [as _callback] (D:\nodejs\node_global\node_modules\yarn\lib\cli.js:66058:18)
      at Request.self.callback (D:\nodejs\node_global\node_modules\yarn\lib\cli.js:129541:22)
      at Request.emit (events.js:189:13)
      at Request.<anonymous> (D:\nodejs\node_global\node_modules\yarn\lib\cli.js:130513:10)
      at Request.emit (events.js:189:13)
      at IncomingMessage.<anonymous> (D:\nodejs\node_global\node_modules\yarn\lib\cli.js:130435:12)
      at Object.onceWrapper (events.js:277:13)
      at IncomingMessage.emit (events.js:194:15)
      at endReadableNT (_stream_readable.js:1125:12)
      at process._tickCallback (internal/process/next_tick.js:63:19)

npm manifest: 
  {
  	"name": "taroPro",
  	"version": "1.0.0",
  	"private": true,
  	"description": "",
  	"scripts": {
  		"build:weapp": "taro build --type weapp",
  		"build:swan": "taro build --type swan",
  		"build:alipay": "taro build --type alipay",
  		"build:tt": "taro build --type tt",
  		"build:h5": "taro build --type h5",
  		"build:rn": "taro build --type rn",
  		"dev:weapp": "npm run build:weapp -- --watch",
  		"dev:swan": "npm run build:swan -- --watch",
  		"dev:alipay": "npm run build:alipay -- --watch",
  		"dev:tt": "npm run build:tt -- --watch",
  		"dev:h5": "npm run build:h5 -- --watch",
  		"dev:rn": "npm run build:rn -- --watch"
  	},
  	"author": "",
  	"license": "MIT",
  	"dependencies": {
  		"@tarojs/async-await": "1.2.26",
  		"@tarojs/components": "1.2.26",
  		"@tarojs/plugin-sass": "1.2.26",
  		"@tarojs/redux": "1.2.26",
  		"@tarojs/redux-h5": "1.2.26",
  		"@tarojs/router": "1.2.26",
  		"@tarojs/taro": "1.2.26",
  		"@tarojs/taro-alipay": "1.2.26",
  		"@tarojs/taro-h5": "1.2.26",
  		"@tarojs/taro-swan": "1.2.26",
  		"@tarojs/taro-tt": "1.2.26",
  		"@tarojs/taro-weapp": "1.2.26",
  		"nerv-devtools": "^1.3.9",
  		"nervjs": "^1.3.9",
  		"redux": "^4.0.0",
  		"redux-logger": "^3.0.6",
  		"redux-thunk": "^2.3.0",
  		"taro-ui": "^2.0.2"
  	},
  	"devDependencies": {
  		"@tarojs/plugin-babel": "1.2.26",
  		"@tarojs/plugin-csso": "1.2.26",
  		"@tarojs/plugin-less": "1.2.26",
  		"@tarojs/plugin-uglifyjs": "1.2.26",
  		"@tarojs/webpack-runner": "1.2.26",
  		"@types/react": "^16.4.8",
  		"@types/webpack-env": "^1.13.6",
  		"babel-eslint": "^8.2.3",
  		"babel-plugin-transform-class-properties": "^6.24.1",
  		"babel-plugin-transform-decorators-legacy": "^1.3.4",
  		"babel-plugin-transform-jsx-stylesheet": "^0.6.5",
  		"babel-plugin-transform-object-rest-spread": "^6.26.0",
  		"babel-preset-env": "^1.6.1",
  		"eslint": "^4.19.1",
  		"eslint-config-taro": "1.2.26",
  		"eslint-plugin-import": "^2.12.0",
  		"eslint-plugin-react": "^7.8.2",
  		"eslint-plugin-taro": "1.2.26"
  	}
  }

yarn manifest: 
  No manifest

Lockfile: 
  No lockfile
